(---------------------------------------------------------------------)
(                                                                     )
(    NC DRILL Log                                                     )
(                                                                     )
(    Drawing          : PCB.brd                                       )
(    Software Version : 17.2S025                                      )
(    Date/Time        : Sun Dec 15 15:58:38 2024                      )
(                                                                     )
(---------------------------------------------------------------------)



 Processing NC Parameters file 'nc_param.txt' ...

 NC PARAMETERS
 -------------

 FORMAT   		2.5
 MACHINE-OFFSET		x:0.00000	y:0.00000   (mm)
 FEEDRATE		1
 COORDINATES		ABSOLUTE
 OUTPUT-UNITS		METRIC
 TOOL-ORDER		INCREASING
 REPEAT-CODES		YES
 SUPPRESS-LEAD-ZEROES	YES
 SUPPRESS-TRAIL-ZEROES	NO
 SUPPRESS-EQUAL		NO
 TOOL-SELECT		YES
 HEADER			none
 LEADER			12
 CODE			ASCII
 SEPARATE		NO
 SEPARATE-ROUTING	NO
 OPTIMIZE_DRILLING	NO
 ENHANCED_EXCELLON	YES
 SCALE			1.000000

 WARNING(SPMHMF-368): Cannot find NC Drill tool file 'nc_tools.txt'
 WARNING(SPMHMF-369): ... will auto-generate tool file 'nc_tools_auto.txt'.


     Auto-generating tool file 'nc_tools_auto.txt' ...

           Size  Plating  Tool        + Tolerance  - Tolerance

         0.4000  P        T01            0.000000     0.000000


 Drill files being output to directory 'C:/USERS/GUTAA/DESKTOP/P1_2024_434D_GUTA_ANDREI_PETRISOR_SERS_N13_ORCAD/P1_2024_434D_GUTA_ANDREI_PETRISOR_SERS_N13_PSPICE/SCHEMATICS/allegro' ...



     'PCB-1-2.drl' created for holes connecting TOP and BOTTOM
     ---------------------------------------------------------

     Tool  Num     Size      +/- Tolerance     Plating   Quantity

     T01    1.   0.4000    0.0000/  0.0000      PLATED         10

     ---- Total holes:                                         10

     ---- Total head travel:              0.46 feet (0.14 meters)

