(---------------------------------------------------------------------)
(                                                                     )
(    Allegro Netrev Import Logic                                      )
(                                                                     )
(    Drawing          : PCB.brd                                       )
(    Software Version : 17.2S025                                      )
(    Date/Time        : Sun Dec 15 14:12:20 2024                      )
(                                                                     )
(---------------------------------------------------------------------)


------ Directives ------------

Ripup etch:                  No
Ripup delete first segment:  No
Ripup retain bondwire:       No
Ripup symbols:               Always
Missing symbol has error:    No
DRC update:                  Yes
Schematic directory:         'C:\USERS\GUTAA\DESKTOP\P1_2024_434D_GUTA_ANDREI_PETRISOR_SERS_N13_ORCAD\P1_2024_434D_GUTA_ANDREI_PETRISOR_SERS_N13_PSPICE\SCHEMATICS\allegro'
Design Directory:            'C:/Users/gutaa/Desktop/P1_2024_434D_Guta_Andrei_Petrisor_SERS_N13_OrCAD/P1_2024_434D_Guta_Andrei_Petrisor_SERS_N13_PSPICE/Schematics/allegro'
Old design name:             'C:/Users/gutaa/Desktop/P1_2024_434D_Guta_Andrei_Petrisor_SERS_N13_OrCAD/P1_2024_434D_Guta_Andrei_Petrisor_SERS_N13_PSPICE/Schematics/allegro/PCB.brd'
New design name:             'C:/Users/gutaa/Desktop/P1_2024_434D_Guta_Andrei_Petrisor_SERS_N13_OrCAD/P1_2024_434D_Guta_Andrei_Petrisor_SERS_N13_PSPICE/Schematics/allegro/PCB.brd'

CmdLine: netrev.exe -y 1 -i C:\USERS\GUTAA\DESKTOP\P1_2024_434D_GUTA_ANDREI_PETRISOR_SERS_N13_ORCAD\P1_2024_434D_GUTA_ANDREI_PETRISOR_SERS_N13_PSPICE\SCHEMATICS\allegro C:\Users\gutaa\Desktop\P1_2024_434D_Guta_Andrei_Petrisor_SERS_N13_OrCAD\P1_2024_434D_Guta_Andrei_Petrisor_SERS_N13_PSPICE\Schematics\allegro\PCB.brd C:\Users\gutaa\Desktop\P1_2024_434D_Guta_Andrei_Petrisor_SERS_N13_OrCAD\P1_2024_434D_Guta_Andrei_Petrisor_SERS_N13_PSPICE\Schematics\allegro\PCB.brd

------ Preparing to read pst files ------

Starting to read C:/USERS/GUTAA/DESKTOP/P1_2024_434D_GUTA_ANDREI_PETRISOR_SERS_N13_ORCAD/P1_2024_434D_GUTA_ANDREI_PETRISOR_SERS_N13_PSPICE/SCHEMATICS/allegro/pstchip.dat 
   Finished reading C:/USERS/GUTAA/DESKTOP/P1_2024_434D_GUTA_ANDREI_PETRISOR_SERS_N13_ORCAD/P1_2024_434D_GUTA_ANDREI_PETRISOR_SERS_N13_PSPICE/SCHEMATICS/allegro/pstchip.dat (00:00:00.02)
Starting to read C:/USERS/GUTAA/DESKTOP/P1_2024_434D_GUTA_ANDREI_PETRISOR_SERS_N13_ORCAD/P1_2024_434D_GUTA_ANDREI_PETRISOR_SERS_N13_PSPICE/SCHEMATICS/allegro/pstxprt.dat 
   Finished reading C:/USERS/GUTAA/DESKTOP/P1_2024_434D_GUTA_ANDREI_PETRISOR_SERS_N13_ORCAD/P1_2024_434D_GUTA_ANDREI_PETRISOR_SERS_N13_PSPICE/SCHEMATICS/allegro/pstxprt.dat (00:00:00.00)
Starting to read C:/USERS/GUTAA/DESKTOP/P1_2024_434D_GUTA_ANDREI_PETRISOR_SERS_N13_ORCAD/P1_2024_434D_GUTA_ANDREI_PETRISOR_SERS_N13_PSPICE/SCHEMATICS/allegro/pstxnet.dat 
   Finished reading C:/USERS/GUTAA/DESKTOP/P1_2024_434D_GUTA_ANDREI_PETRISOR_SERS_N13_ORCAD/P1_2024_434D_GUTA_ANDREI_PETRISOR_SERS_N13_PSPICE/SCHEMATICS/allegro/pstxnet.dat (00:00:00.00)

------ Oversights/Warnings/Errors ------


------ Library Paths ------
MODULEPATH =  . 
           D:/ORCAD/share/local/pcb/modules 

PSMPATH =  . 
           symbols 
           .. 
           ../symbols 
           D:/ORCAD/share/local/pcb/symbols 
           D:/ORCAD/share/pcb/pcb_lib/symbols 
           D:/ORCAD/share/pcb/allegrolib/symbols 

PADPATH =  . 
           symbols 
           .. 
           ../symbols 
           D:/ORCAD/share/local/pcb/padstacks 
           D:/ORCAD/share/pcb/pcb_lib/symbols 
           D:/ORCAD/share/pcb/allegrolib/symbols 


------ Summary Statistics ------


netrev run on Dec 15 14:12:20 2024
   DESIGN NAME : 'PROIECT_CEF2'
   PACKAGING ON Jul 30 2017 03:29:02

   COMPILE 'logic'
   CHECK_PIN_NAMES OFF
   CROSS_REFERENCE OFF
   FEEDBACK OFF
   INCREMENTAL OFF
   INTERFACE_TYPE PHYSICAL
   MAX_ERRORS 500
   MERGE_MINIMUM 5
   NET_NAME_CHARS '#%&()*+-./:=>?@[]^_`|'
   NET_NAME_LENGTH 24
   OVERSIGHTS ON
   REPLACE_CHECK OFF
   SINGLE_NODE_NETS ON
   SPLIT_MINIMUM 0
   SUPPRESS   20
   WARNINGS ON

 No error detected
 No oversight detected
 No warning detected

cpu time      0:00:19
elapsed time  0:00:01

