(---------------------------------------------------------------------)
(                                                                     )
(    ARTWORK LOG                                                      )
(                                                                     )
(    Drawing          : PCB.brd                                       )
(    Software Version : 17.2S025                                      )
(    Date/Time        : Sun Dec 15 16:06:17 2024                      )
(                                                                     )
(---------------------------------------------------------------------)


 ---- Photoplot outline rectangle not found; using drawing extents.



Results from parameter file ...
    DEVICE-TYPE           GERBER_RS274X
    OUTPUT-UNITS          MM
    FILM-SIZE             2400000 1600000
    FORMAT                2.5
    ABORT-ON-ERROR        NO
    SCALE                 1
    SUPPRESS-LEAD-ZEROES  YES
    SUPPRESS-TRAIL-ZEROES NO
    SUPPRESS-EQUAL        YES
    UNDEF-APT-CONT        NO



================================================================
     PROCESSING FILM < TOP >
     TO FILE < C:/USERS/GUTAA/DESKTOP/P1_2024_434D_GUTA_ANDREI_PETRISOR_SERS_N13_ORCAD/P1_2024_434D_GUTA_ANDREI_PETRISOR_SERS_N13_PSPICE/SCHEMATICS/allegro/TOP.art > ...
================================================================

  FILM PARAMETERS :
  ---------------------------------------------------------
  Undefined line width                0.1000
  Mirror code                         NONE
  Rotate angle                        NONE
  Offset x:                           0.0000
  Offset y:                           0.0000
  Plot negative                       NO
  Suppress unconnected internal pads  NO
  Draw holes only                     NO



  APERTURES USED:
  ---------------------------------------------------------
  TYPE       SIZE/NAME                   ROT   MIRROR MODE 
  ---------------------------------------------------------
  CIRCLE     0.66040                                  DARK 
  CIRCLE     0.70000                                  DARK 
  CIRCLE     1.00000                                  DARK 
  SQUARE     1.27000                     0.000 NO     DARK 
  SQUARE     1.30000                     0.000 NO     DARK 
  RECTANGLE  0.60000     x 1.05000       0.000 NO     DARK 
  RECTANGLE  0.60000     x 1.05000      90.000 NO     DARK 
  RECTANGLE  1.30000     x 2.00000       0.000 NO     DARK 
  RECTANGLE  1.93040     x 1.21920       0.000 NO     DARK 
  RECTANGLE  1.93040     x 1.21920      90.000 NO     DARK 
  RECTANGLE  1.93040     x 3.04800      90.000 NO     DARK 
  RECTANGLE  3.00000     x 1.59990      90.000 NO     DARK 
  RECTANGLE  6.19990     x 5.80010      90.000 NO     DARK 

     TOP created.


================================================================
     PROCESSING FILM < BOTTOM >
     TO FILE < C:/USERS/GUTAA/DESKTOP/P1_2024_434D_GUTA_ANDREI_PETRISOR_SERS_N13_ORCAD/P1_2024_434D_GUTA_ANDREI_PETRISOR_SERS_N13_PSPICE/SCHEMATICS/allegro/BOTTOM.art > ...
================================================================

  FILM PARAMETERS :
  ---------------------------------------------------------
  Undefined line width                0.1000
  Mirror code                         NONE
  Rotate angle                        NONE
  Offset x:                           0.0000
  Offset y:                           0.0000
  Plot negative                       NO
  Suppress unconnected internal pads  NO
  Draw holes only                     NO



  APERTURES USED:
  ---------------------------------------------------------
  TYPE       SIZE/NAME                   ROT   MIRROR MODE 
  ---------------------------------------------------------
  CIRCLE     0.66040                                  DARK 
  CIRCLE     0.70000                                  DARK 

     BOTTOM created.


================================================================
     PROCESSING FILM < BO >
     TO FILE < C:/USERS/GUTAA/DESKTOP/P1_2024_434D_GUTA_ANDREI_PETRISOR_SERS_N13_ORCAD/P1_2024_434D_GUTA_ANDREI_PETRISOR_SERS_N13_PSPICE/SCHEMATICS/allegro/BO.art > ...
================================================================

  FILM PARAMETERS :
  ---------------------------------------------------------
  Undefined line width                0.1000
  Mirror code                         NONE
  Rotate angle                        NONE
  Offset x:                           0.0000
  Offset y:                           0.0000
  Plot negative                       NO
  Suppress unconnected internal pads  NO
  Draw holes only                     NO



  APERTURES USED:
  ---------------------------------------------------------
  TYPE       SIZE/NAME                   ROT   MIRROR MODE 
  ---------------------------------------------------------
  CIRCLE     0.10000                                  DARK 

     BO created.


================================================================
     PROCESSING FILM < SMBOT >
     TO FILE < C:/USERS/GUTAA/DESKTOP/P1_2024_434D_GUTA_ANDREI_PETRISOR_SERS_N13_ORCAD/P1_2024_434D_GUTA_ANDREI_PETRISOR_SERS_N13_PSPICE/SCHEMATICS/allegro/SMBOT.art > ...
================================================================

  FILM PARAMETERS :
  ---------------------------------------------------------
  Undefined line width                0.1000
  Mirror code                         NONE
  Rotate angle                        NONE
  Offset x:                           0.0000
  Offset y:                           0.0000
  Plot negative                       NO
  Suppress unconnected internal pads  NO
  Draw holes only                     NO



  APERTURES USED:
  ---------------------------------------------------------
  TYPE       SIZE/NAME                   ROT   MIRROR MODE 
  ---------------------------------------------------------
  CIRCLE     1.11760                                  DARK 

     SMBOT created.


================================================================
     PROCESSING FILM < SMTOP >
     TO FILE < C:/USERS/GUTAA/DESKTOP/P1_2024_434D_GUTA_ANDREI_PETRISOR_SERS_N13_ORCAD/P1_2024_434D_GUTA_ANDREI_PETRISOR_SERS_N13_PSPICE/SCHEMATICS/allegro/SMTOP.art > ...
================================================================

  FILM PARAMETERS :
  ---------------------------------------------------------
  Undefined line width                0.1000
  Mirror code                         NONE
  Rotate angle                        NONE
  Offset x:                           0.0000
  Offset y:                           0.0000
  Plot negative                       NO
  Suppress unconnected internal pads  NO
  Draw holes only                     NO



  APERTURES USED:
  ---------------------------------------------------------
  TYPE       SIZE/NAME                   ROT   MIRROR MODE 
  ---------------------------------------------------------
  CIRCLE     1.11760                                  DARK 
  CIRCLE     1.20000                                  DARK 
  SQUARE     1.27000                     0.000 NO     DARK 
  SQUARE     1.30000                     0.000 NO     DARK 
  RECTANGLE  0.60000     x 1.05000       0.000 NO     DARK 
  RECTANGLE  0.60000     x 1.05000      90.000 NO     DARK 
  RECTANGLE  1.30000     x 2.00000       0.000 NO     DARK 
  RECTANGLE  1.93040     x 1.21920       0.000 NO     DARK 
  RECTANGLE  1.93040     x 1.21920      90.000 NO     DARK 
  RECTANGLE  1.93040     x 3.04800      90.000 NO     DARK 
  RECTANGLE  3.19990     x 1.80010      90.000 NO     DARK 
  RECTANGLE  6.40000     x 6.00000      90.000 NO     DARK 

     SMTOP created.


================================================================
     PROCESSING FILM < SPTOP >
     TO FILE < C:/USERS/GUTAA/DESKTOP/P1_2024_434D_GUTA_ANDREI_PETRISOR_SERS_N13_ORCAD/P1_2024_434D_GUTA_ANDREI_PETRISOR_SERS_N13_PSPICE/SCHEMATICS/allegro/SPTOP.art > ...
================================================================

  FILM PARAMETERS :
  ---------------------------------------------------------
  Undefined line width                0.1000
  Mirror code                         NONE
  Rotate angle                        NONE
  Offset x:                           0.0000
  Offset y:                           0.0000
  Plot negative                       NO
  Suppress unconnected internal pads  NO
  Draw holes only                     NO



  APERTURES USED:
  ---------------------------------------------------------
  TYPE       SIZE/NAME                   ROT   MIRROR MODE 
  ---------------------------------------------------------
  CIRCLE     1.10000                                  DARK 
  SQUARE     1.27000                     0.000 NO     DARK 
  SQUARE     1.30000                     0.000 NO     DARK 
  RECTANGLE  0.60000     x 1.05000       0.000 NO     DARK 
  RECTANGLE  0.60000     x 1.05000      90.000 NO     DARK 
  RECTANGLE  1.30000     x 2.00000       0.000 NO     DARK 
  RECTANGLE  1.93040     x 1.21920       0.000 NO     DARK 
  RECTANGLE  1.93040     x 1.21920      90.000 NO     DARK 
  RECTANGLE  1.93040     x 3.04800      90.000 NO     DARK 
  RECTANGLE  3.00000     x 1.59990      90.000 NO     DARK 
  RECTANGLE  6.19990     x 5.80010      90.000 NO     DARK 

     SPTOP created.


================================================================
     PROCESSING FILM < SSTOP >
     TO FILE < C:/USERS/GUTAA/DESKTOP/P1_2024_434D_GUTA_ANDREI_PETRISOR_SERS_N13_ORCAD/P1_2024_434D_GUTA_ANDREI_PETRISOR_SERS_N13_PSPICE/SCHEMATICS/allegro/SSTOP.art > ...
================================================================

  FILM PARAMETERS :
  ---------------------------------------------------------
  Undefined line width                0.1000
  Mirror code                         NONE
  Rotate angle                        NONE
  Offset x:                           0.0000
  Offset y:                           0.0000
  Plot negative                       NO
  Suppress unconnected internal pads  NO
  Draw holes only                     NO



  APERTURES USED:
  ---------------------------------------------------------
  TYPE       SIZE/NAME                   ROT   MIRROR MODE 
  ---------------------------------------------------------
  CIRCLE     0.10000                                  DARK 
  CIRCLE     0.15240                                  DARK 
  CIRCLE     0.20000                                  DARK 

     SSTOP created.


================================================================
     PROCESSING FILM < FAB >
     TO FILE < C:/USERS/GUTAA/DESKTOP/P1_2024_434D_GUTA_ANDREI_PETRISOR_SERS_N13_ORCAD/P1_2024_434D_GUTA_ANDREI_PETRISOR_SERS_N13_PSPICE/SCHEMATICS/allegro/FAB.art > ...
================================================================

  FILM PARAMETERS :
  ---------------------------------------------------------
  Undefined line width                0.1000
  Mirror code                         NONE
  Rotate angle                        NONE
  Offset x:                           0.0000
  Offset y:                           0.0000
  Plot negative                       NO
  Suppress unconnected internal pads  NO
  Draw holes only                     NO

    WARNING: 0 width line found at (52.8612 -10.7200)
           ... using undefined line width of 0.1000

    WARNING: Multiple 0 width lines; all will be treated the same as the first.
           ... using undefined line width of 0.1000



  APERTURES USED:
  ---------------------------------------------------------
  TYPE       SIZE/NAME                   ROT   MIRROR MODE 
  ---------------------------------------------------------
  CIRCLE     0.10000                                  DARK 

     FAB created with warnings


------------------------------------------------------
 SUMMARY:
        TOP created.
        BOTTOM created.
        BO created.
        SMBOT created.
        SMTOP created.
        SPTOP created.
        SSTOP created.
        FAB created with warnings

 ARTWORK had warnings
